TN:
SF:/Users/aureliome/Documents/Projects/newton-adapter/src/main.js
FN:11,(anonymous_0)
FN:15,(anonymous_1)
FN:19,(anonymous_2)
FN:20,(anonymous_3)
FN:21,(anonymous_4)
FN:22,(anonymous_5)
FN:23,(anonymous_6)
FN:28,(anonymous_7)
FN:34,(anonymous_8)
FN:71,(anonymous_9)
FN:73,(anonymous_10)
FN:91,(anonymous_11)
FN:156,(anonymous_12)
FN:158,(anonymous_13)
FN:161,(anonymous_14)
FN:176,(anonymous_15)
FN:297,(anonymous_16)
FN:298,(anonymous_17)
FN:299,(anonymous_18)
FN:343,(anonymous_19)
FN:344,(anonymous_20)
FN:345,(anonymous_21)
FN:386,(anonymous_22)
FN:422,(anonymous_23)
FN:423,(anonymous_24)
FN:424,(anonymous_25)
FN:456,(anonymous_26)
FN:457,(anonymous_27)
FN:458,(anonymous_28)
FN:480,(anonymous_29)
FN:502,(anonymous_30)
FN:520,(anonymous_31)
FN:544,(anonymous_32)
FNF:33
FNH:30
FNDA:8,(anonymous_0)
FNDA:50,(anonymous_1)
FNDA:0,(anonymous_2)
FNDA:58,(anonymous_3)
FNDA:0,(anonymous_4)
FNDA:3,(anonymous_5)
FNDA:0,(anonymous_6)
FNDA:52,(anonymous_7)
FNDA:42,(anonymous_8)
FNDA:38,(anonymous_9)
FNDA:38,(anonymous_10)
FNDA:35,(anonymous_11)
FNDA:7,(anonymous_12)
FNDA:7,(anonymous_13)
FNDA:6,(anonymous_14)
FNDA:7,(anonymous_15)
FNDA:3,(anonymous_16)
FNDA:3,(anonymous_17)
FNDA:3,(anonymous_18)
FNDA:12,(anonymous_19)
FNDA:12,(anonymous_20)
FNDA:11,(anonymous_21)
FNDA:4,(anonymous_22)
FNDA:5,(anonymous_23)
FNDA:5,(anonymous_24)
FNDA:4,(anonymous_25)
FNDA:5,(anonymous_26)
FNDA:5,(anonymous_27)
FNDA:4,(anonymous_28)
FNDA:3,(anonymous_29)
FNDA:2,(anonymous_30)
FNDA:2,(anonymous_31)
FNDA:2,(anonymous_32)
DA:1,8
DA:2,8
DA:11,8
DA:15,8
DA:16,50
DA:17,50
DA:18,50
DA:25,50
DA:28,8
DA:29,52
DA:30,52
DA:34,8
DA:35,42
DA:71,8
DA:73,38
DA:75,38
DA:76,5
DA:80,38
DA:81,5
DA:85,38
DA:86,0
DA:87,0
DA:91,38
DA:92,35
DA:93,5
DA:94,5
DA:95,5
DA:98,30
DA:102,35
DA:103,35
DA:104,35
DA:107,35
DA:108,32
DA:113,38
DA:114,3
DA:115,3
DA:117,35
DA:118,1
DA:120,34
DA:156,8
DA:158,7
DA:161,7
DA:162,6
DA:164,6
DA:165,6
DA:166,6
DA:167,6
DA:170,0
DA:171,0
DA:176,7
DA:178,7
DA:179,3
DA:181,4
DA:184,4
DA:185,2
DA:186,1
DA:187,1
DA:194,0
DA:195,0
DA:198,1
DA:199,1
DA:204,2
DA:205,1
DA:206,1
DA:213,0
DA:214,0
DA:216,1
DA:217,1
DA:218,1
DA:225,0
DA:226,0
DA:228,0
DA:229,0
DA:230,0
DA:237,0
DA:238,0
DA:240,0
DA:241,0
DA:242,0
DA:248,0
DA:249,0
DA:251,0
DA:252,0
DA:253,0
DA:260,0
DA:261,0
DA:264,0
DA:265,0
DA:297,8
DA:298,3
DA:299,3
DA:300,3
DA:301,3
DA:302,1
DA:303,1
DA:305,2
DA:306,2
DA:307,2
DA:343,8
DA:344,12
DA:345,12
DA:346,11
DA:347,11
DA:348,11
DA:349,11
DA:350,4
DA:351,4
DA:352,1
DA:354,3
DA:355,3
DA:386,8
DA:387,4
DA:388,4
DA:389,4
DA:390,2
DA:392,4
DA:393,3
DA:395,4
DA:422,8
DA:423,5
DA:424,5
DA:425,4
DA:426,4
DA:427,4
DA:456,8
DA:457,5
DA:458,5
DA:459,4
DA:460,4
DA:461,4
DA:480,8
DA:481,3
DA:482,2
DA:484,1
DA:502,8
DA:503,2
DA:520,8
DA:521,2
DA:522,1
DA:524,1
DA:544,8
DA:545,2
DA:546,1
DA:547,1
DA:549,1
DA:554,8
LF:146
LH:119
BRDA:29,0,0,52
BRDA:29,0,1,41
BRDA:75,1,0,5
BRDA:75,1,1,33
BRDA:80,2,0,5
BRDA:80,2,1,33
BRDA:85,3,0,0
BRDA:85,3,1,38
BRDA:92,4,0,5
BRDA:92,4,1,30
BRDA:94,5,0,5
BRDA:94,5,1,0
BRDA:107,6,0,32
BRDA:107,6,1,3
BRDA:113,7,0,3
BRDA:113,7,1,35
BRDA:117,8,0,1
BRDA:117,8,1,34
BRDA:164,9,0,3
BRDA:164,9,1,3
BRDA:178,10,0,3
BRDA:178,10,1,4
BRDA:178,11,0,7
BRDA:178,11,1,4
BRDA:181,12,0,2
BRDA:181,12,1,2
BRDA:184,13,0,2
BRDA:184,13,1,2
BRDA:185,14,0,1
BRDA:185,14,1,1
BRDA:186,15,0,1
BRDA:186,15,1,0
BRDA:204,16,0,1
BRDA:204,16,1,1
BRDA:205,17,0,1
BRDA:205,17,1,0
BRDA:216,18,0,1
BRDA:216,18,1,0
BRDA:217,19,0,1
BRDA:217,19,1,0
BRDA:217,20,0,1
BRDA:217,20,1,1
BRDA:228,21,0,0
BRDA:228,21,1,0
BRDA:229,22,0,0
BRDA:229,22,1,0
BRDA:229,23,0,0
BRDA:229,23,1,0
BRDA:240,24,0,0
BRDA:240,24,1,0
BRDA:241,25,0,0
BRDA:241,25,1,0
BRDA:251,26,0,0
BRDA:251,26,1,0
BRDA:252,27,0,0
BRDA:252,27,1,0
BRDA:252,28,0,0
BRDA:252,28,1,0
BRDA:300,29,0,1
BRDA:300,29,1,2
BRDA:301,30,0,1
BRDA:301,30,1,2
BRDA:349,31,0,4
BRDA:349,31,1,7
BRDA:350,32,0,2
BRDA:350,32,1,2
BRDA:351,33,0,1
BRDA:351,33,1,3
BRDA:387,34,0,4
BRDA:387,34,1,1
BRDA:389,35,0,2
BRDA:389,35,1,2
BRDA:392,36,0,3
BRDA:392,36,1,1
BRDA:481,37,0,2
BRDA:481,37,1,1
BRDA:521,38,0,1
BRDA:521,38,1,1
BRDA:545,39,0,1
BRDA:545,39,1,1
BRF:80
BRH:58
end_of_record
