TN:
SF:/Users/aureliome/Documents/Projects/newton-adapter/src/main.js
FN:11,(anonymous_0)
FN:15,(anonymous_1)
FN:19,(anonymous_2)
FN:20,(anonymous_3)
FN:21,(anonymous_4)
FN:22,(anonymous_5)
FN:23,(anonymous_6)
FN:28,(anonymous_7)
FN:34,(anonymous_8)
FN:71,(anonymous_9)
FN:72,(anonymous_10)
FN:90,(anonymous_11)
FN:155,(anonymous_12)
FN:156,(anonymous_13)
FN:157,(anonymous_14)
FN:160,(anonymous_15)
FN:284,(anonymous_16)
FN:285,(anonymous_17)
FN:286,(anonymous_18)
FN:327,(anonymous_19)
FN:328,(anonymous_20)
FN:329,(anonymous_21)
FN:373,(anonymous_22)
FN:374,(anonymous_23)
FN:375,(anonymous_24)
FN:416,(anonymous_25)
FN:452,(anonymous_26)
FN:453,(anonymous_27)
FN:454,(anonymous_28)
FN:486,(anonymous_29)
FN:487,(anonymous_30)
FN:488,(anonymous_31)
FN:510,(anonymous_32)
FN:532,(anonymous_33)
FN:550,(anonymous_34)
FN:574,(anonymous_35)
FN:583,(anonymous_36)
FN:584,(anonymous_37)
FN:585,(anonymous_38)
FN:588,(anonymous_39)
FN:623,(anonymous_40)
FN:624,(anonymous_41)
FN:625,(anonymous_42)
FN:628,(anonymous_43)
FNF:44
FNH:30
FNDA:8,(anonymous_0)
FNDA:50,(anonymous_1)
FNDA:0,(anonymous_2)
FNDA:58,(anonymous_3)
FNDA:0,(anonymous_4)
FNDA:3,(anonymous_5)
FNDA:0,(anonymous_6)
FNDA:52,(anonymous_7)
FNDA:42,(anonymous_8)
FNDA:38,(anonymous_9)
FNDA:38,(anonymous_10)
FNDA:35,(anonymous_11)
FNDA:7,(anonymous_12)
FNDA:7,(anonymous_13)
FNDA:7,(anonymous_14)
FNDA:6,(anonymous_15)
FNDA:0,(anonymous_16)
FNDA:0,(anonymous_17)
FNDA:0,(anonymous_18)
FNDA:3,(anonymous_19)
FNDA:3,(anonymous_20)
FNDA:3,(anonymous_21)
FNDA:12,(anonymous_22)
FNDA:12,(anonymous_23)
FNDA:11,(anonymous_24)
FNDA:4,(anonymous_25)
FNDA:5,(anonymous_26)
FNDA:5,(anonymous_27)
FNDA:4,(anonymous_28)
FNDA:5,(anonymous_29)
FNDA:5,(anonymous_30)
FNDA:4,(anonymous_31)
FNDA:3,(anonymous_32)
FNDA:2,(anonymous_33)
FNDA:2,(anonymous_34)
FNDA:2,(anonymous_35)
FNDA:0,(anonymous_36)
FNDA:0,(anonymous_37)
FNDA:0,(anonymous_38)
FNDA:0,(anonymous_39)
FNDA:0,(anonymous_40)
FNDA:0,(anonymous_41)
FNDA:0,(anonymous_42)
FNDA:0,(anonymous_43)
DA:1,8
DA:2,8
DA:11,8
DA:15,8
DA:16,50
DA:17,50
DA:18,50
DA:25,50
DA:28,8
DA:29,52
DA:30,52
DA:34,8
DA:35,42
DA:71,8
DA:72,38
DA:74,38
DA:75,5
DA:79,38
DA:80,5
DA:84,38
DA:85,0
DA:86,0
DA:90,38
DA:91,35
DA:92,5
DA:93,5
DA:94,5
DA:97,30
DA:101,35
DA:102,35
DA:103,35
DA:106,35
DA:107,32
DA:112,38
DA:113,3
DA:114,3
DA:116,35
DA:117,1
DA:119,34
DA:155,8
DA:156,7
DA:157,7
DA:160,7
DA:161,6
DA:163,6
DA:164,6
DA:165,6
DA:166,6
DA:169,0
DA:170,0
DA:174,7
DA:175,3
DA:177,4
DA:180,4
DA:181,2
DA:182,1
DA:183,1
DA:190,0
DA:191,0
DA:194,1
DA:195,1
DA:200,2
DA:201,1
DA:202,1
DA:209,0
DA:210,0
DA:212,1
DA:213,1
DA:214,1
DA:221,0
DA:222,0
DA:224,0
DA:225,0
DA:226,0
DA:233,0
DA:234,0
DA:236,0
DA:237,0
DA:238,0
DA:244,0
DA:245,0
DA:247,0
DA:248,0
DA:249,0
DA:256,0
DA:257,0
DA:260,0
DA:261,0
DA:284,8
DA:285,0
DA:286,0
DA:287,0
DA:288,0
DA:289,0
DA:290,0
DA:292,0
DA:293,0
DA:296,0
DA:297,0
DA:327,8
DA:328,3
DA:329,3
DA:330,3
DA:331,3
DA:332,1
DA:333,1
DA:335,2
DA:336,2
DA:337,2
DA:373,8
DA:374,12
DA:375,12
DA:376,11
DA:377,11
DA:378,11
DA:379,11
DA:380,4
DA:381,4
DA:382,1
DA:384,3
DA:385,3
DA:416,8
DA:417,4
DA:418,4
DA:419,4
DA:420,2
DA:422,4
DA:423,3
DA:425,4
DA:452,8
DA:453,5
DA:454,5
DA:455,4
DA:456,4
DA:457,4
DA:486,8
DA:487,5
DA:488,5
DA:489,4
DA:490,4
DA:491,4
DA:510,8
DA:511,3
DA:512,2
DA:514,1
DA:532,8
DA:533,2
DA:550,8
DA:551,2
DA:552,1
DA:554,1
DA:574,8
DA:575,2
DA:576,1
DA:577,1
DA:579,1
DA:583,8
DA:584,0
DA:585,0
DA:588,0
DA:589,0
DA:591,0
DA:592,0
DA:593,0
DA:596,0
DA:597,0
DA:601,0
DA:602,0
DA:603,0
DA:604,0
DA:612,0
DA:613,0
DA:616,0
DA:617,0
DA:623,8
DA:624,0
DA:625,0
DA:627,0
DA:628,0
DA:629,0
DA:630,0
DA:631,0
DA:632,0
DA:634,0
DA:635,0
DA:636,0
DA:637,0
DA:640,0
DA:642,0
DA:643,0
DA:647,0
DA:648,0
DA:655,8
LF:193
LH:122
BRDA:29,0,0,52
BRDA:29,0,1,41
BRDA:74,1,0,5
BRDA:74,1,1,33
BRDA:79,2,0,5
BRDA:79,2,1,33
BRDA:84,3,0,0
BRDA:84,3,1,38
BRDA:91,4,0,5
BRDA:91,4,1,30
BRDA:93,5,0,5
BRDA:93,5,1,0
BRDA:106,6,0,32
BRDA:106,6,1,3
BRDA:112,7,0,3
BRDA:112,7,1,35
BRDA:116,8,0,1
BRDA:116,8,1,34
BRDA:163,9,0,3
BRDA:163,9,1,3
BRDA:174,10,0,3
BRDA:174,10,1,4
BRDA:174,11,0,7
BRDA:174,11,1,4
BRDA:177,12,0,2
BRDA:177,12,1,2
BRDA:180,13,0,2
BRDA:180,13,1,2
BRDA:181,14,0,1
BRDA:181,14,1,1
BRDA:182,15,0,1
BRDA:182,15,1,0
BRDA:200,16,0,1
BRDA:200,16,1,1
BRDA:201,17,0,1
BRDA:201,17,1,0
BRDA:212,18,0,1
BRDA:212,18,1,0
BRDA:213,19,0,1
BRDA:213,19,1,0
BRDA:213,20,0,1
BRDA:213,20,1,1
BRDA:224,21,0,0
BRDA:224,21,1,0
BRDA:225,22,0,0
BRDA:225,22,1,0
BRDA:225,23,0,0
BRDA:225,23,1,0
BRDA:236,24,0,0
BRDA:236,24,1,0
BRDA:237,25,0,0
BRDA:237,25,1,0
BRDA:247,26,0,0
BRDA:247,26,1,0
BRDA:248,27,0,0
BRDA:248,27,1,0
BRDA:248,28,0,0
BRDA:248,28,1,0
BRDA:288,29,0,0
BRDA:288,29,1,0
BRDA:330,30,0,1
BRDA:330,30,1,2
BRDA:331,31,0,1
BRDA:331,31,1,2
BRDA:379,32,0,4
BRDA:379,32,1,7
BRDA:380,33,0,2
BRDA:380,33,1,2
BRDA:381,34,0,1
BRDA:381,34,1,3
BRDA:417,35,0,4
BRDA:417,35,1,1
BRDA:419,36,0,2
BRDA:419,36,1,2
BRDA:422,37,0,3
BRDA:422,37,1,1
BRDA:511,38,0,2
BRDA:511,38,1,1
BRDA:551,39,0,1
BRDA:551,39,1,1
BRDA:575,40,0,1
BRDA:575,40,1,1
BRDA:591,41,0,0
BRDA:591,41,1,0
BRDA:601,42,0,0
BRDA:601,42,1,0
BRDA:602,43,0,0
BRDA:602,43,1,0
BRDA:603,44,0,0
BRDA:603,44,1,0
BRDA:603,45,0,0
BRDA:603,45,1,0
BRDA:627,46,0,0
BRDA:627,46,1,0
BRDA:630,47,0,0
BRDA:630,47,1,0
BRDA:636,48,0,0
BRDA:636,48,1,0
BRF:98
BRH:58
end_of_record
