TN:
SF:/Users/aureliome/Documents/Projects/newton-adapter/src/global.js
FN:5,(anonymous_0)
FN:6,(anonymous_1)
FN:7,(anonymous_2)
FN:8,(anonymous_3)
FN:9,(anonymous_4)
FN:12,(anonymous_5)
FN:16,(anonymous_6)
FN:17,(anonymous_7)
FN:18,(anonymous_8)
FN:19,(anonymous_9)
FN:20,(anonymous_10)
FNF:11
FNH:5
FNDA:0,(anonymous_0)
FNDA:23,(anonymous_1)
FNDA:0,(anonymous_2)
FNDA:0,(anonymous_3)
FNDA:3,(anonymous_4)
FNDA:56,(anonymous_5)
FNDA:0,(anonymous_6)
FNDA:56,(anonymous_7)
FNDA:0,(anonymous_8)
FNDA:5,(anonymous_9)
FNDA:0,(anonymous_10)
DA:1,15
DA:13,56
DA:14,56
DA:15,56
DA:25,15
LF:5
LH:5
BRF:0
BRH:0
end_of_record
TN:
SF:/Users/aureliome/Documents/Projects/newton-adapter/src/main.js
FN:13,(anonymous_0)
FN:16,(anonymous_1)
FNF:2
FNH:2
FNDA:15,(anonymous_0)
FNDA:56,(anonymous_1)
DA:3,15
DA:4,15
DA:13,15
DA:16,15
DA:17,56
DA:18,56
DA:21,15
DA:22,15
DA:24,15
DA:25,15
DA:26,15
DA:28,15
DA:29,15
DA:31,15
DA:32,15
DA:33,15
DA:34,15
DA:35,15
DA:36,15
DA:38,15
DA:39,15
DA:40,15
DA:42,15
DA:43,15
DA:44,15
DA:45,15
DA:46,15
DA:47,15
DA:50,15
LF:29
LH:29
BRF:0
BRH:0
end_of_record
TN:
SF:/Users/aureliome/Documents/Projects/newton-adapter/src/utility.js
FN:2,(anonymous_0)
FNF:1
FNH:1
FNDA:67,(anonymous_0)
DA:1,15
DA:3,67
DA:4,67
DA:5,67
DA:7,0
DA:8,0
DA:13,15
LF:7
LH:5
BRDA:4,0,0,67
BRDA:4,0,1,53
BRF:2
BRH:2
end_of_record
TN:
SF:/Users/aureliome/Documents/Projects/newton-adapter/src/heartbeat/startHeartbeat.js
FN:37,(anonymous_0)
FN:38,(anonymous_1)
FN:39,(anonymous_2)
FNF:3
FNH:3
FNDA:6,(anonymous_0)
FNDA:6,(anonymous_1)
FNDA:5,(anonymous_2)
DA:2,15
DA:3,15
DA:4,15
DA:5,15
DA:37,15
DA:38,6
DA:39,6
DA:40,5
DA:41,4
DA:42,4
DA:43,4
DA:45,1
DA:46,1
LF:13
LH:13
BRDA:40,0,0,4
BRDA:40,0,1,1
BRDA:40,1,0,5
BRDA:40,1,1,4
BRF:4
BRH:4
end_of_record
TN:
SF:/Users/aureliome/Documents/Projects/newton-adapter/src/heartbeat/stopHeartbeat.js
FN:36,(anonymous_0)
FN:37,(anonymous_1)
FN:38,(anonymous_2)
FNF:3
FNH:3
FNDA:6,(anonymous_0)
FNDA:6,(anonymous_1)
FNDA:5,(anonymous_2)
DA:2,15
DA:3,15
DA:4,15
DA:5,15
DA:36,15
DA:37,6
DA:38,6
DA:39,5
DA:40,4
DA:41,4
DA:42,4
DA:44,1
DA:45,1
LF:13
LH:13
BRDA:39,0,0,4
BRDA:39,0,1,1
BRDA:39,1,0,5
BRDA:39,1,1,4
BRF:4
BRH:4
end_of_record
TN:
SF:/Users/aureliome/Documents/Projects/newton-adapter/src/identities/addIdentity.js
FN:40,(anonymous_0)
FN:41,(anonymous_1)
FN:42,(anonymous_2)
FN:50,(anonymous_3)
FN:72,(anonymous_4)
FN:91,(anonymous_5)
FNF:6
FNH:4
FNDA:1,(anonymous_0)
FNDA:1,(anonymous_1)
FNDA:1,(anonymous_2)
FNDA:1,(anonymous_3)
FNDA:0,(anonymous_4)
FNDA:0,(anonymous_5)
DA:2,15
DA:3,15
DA:4,15
DA:5,15
DA:40,15
DA:41,1
DA:42,1
DA:43,1
DA:44,1
DA:45,1
DA:46,1
DA:51,1
DA:52,0
DA:53,0
DA:55,1
DA:56,1
DA:62,0
DA:63,0
DA:65,0
DA:66,0
DA:67,0
DA:73,0
DA:74,0
DA:75,0
DA:77,0
DA:78,0
DA:84,0
DA:85,0
DA:87,0
DA:88,0
DA:89,0
DA:92,0
DA:93,0
DA:94,0
DA:96,0
DA:97,0
DA:104,0
DA:105,0
DA:108,0
DA:109,0
LF:40
LH:14
BRDA:43,0,0,1
BRDA:43,0,1,0
BRDA:44,1,0,1
BRDA:44,1,1,0
BRDA:45,2,0,1
BRDA:45,2,1,0
BRDA:45,3,0,1
BRDA:45,3,1,1
BRDA:51,4,0,0
BRDA:51,4,1,1
BRDA:65,5,0,0
BRDA:65,5,1,0
BRDA:66,6,0,0
BRDA:66,6,1,0
BRDA:66,7,0,0
BRDA:66,7,1,0
BRDA:73,8,0,0
BRDA:73,8,1,0
BRDA:87,9,0,0
BRDA:87,9,1,0
BRDA:88,10,0,0
BRDA:88,10,1,0
BRDA:92,11,0,0
BRDA:92,11,1,0
BRF:24
BRH:6
end_of_record
TN:
SF:/Users/aureliome/Documents/Projects/newton-adapter/src/identities/getIdentities.js
FN:22,(anonymous_0)
FN:23,(anonymous_1)
FN:24,(anonymous_2)
FN:25,(anonymous_3)
FNF:4
FNH:0
FNDA:0,(anonymous_0)
FNDA:0,(anonymous_1)
FNDA:0,(anonymous_2)
FNDA:0,(anonymous_3)
DA:2,15
DA:3,15
DA:4,15
DA:22,15
DA:23,0
DA:24,0
DA:25,0
DA:26,0
DA:27,0
DA:28,0
DA:30,0
DA:31,0
LF:12
LH:4
BRDA:26,0,0,0
BRDA:26,0,1,0
BRF:2
BRH:0
end_of_record
TN:
SF:/Users/aureliome/Documents/Projects/newton-adapter/src/identities/removeIdentity.js
FN:32,(anonymous_0)
FN:33,(anonymous_1)
FN:34,(anonymous_2)
FN:36,(anonymous_3)
FN:49,(anonymous_4)
FN:64,(anonymous_5)
FNF:6
FNH:0
FNDA:0,(anonymous_0)
FNDA:0,(anonymous_1)
FNDA:0,(anonymous_2)
FNDA:0,(anonymous_3)
FNDA:0,(anonymous_4)
FNDA:0,(anonymous_5)
DA:3,15
DA:4,15
DA:5,15
DA:32,15
DA:33,0
DA:34,0
DA:35,0
DA:36,0
DA:37,0
DA:38,0
DA:39,0
DA:41,0
DA:42,0
DA:43,0
DA:44,0
DA:46,0
DA:47,0
DA:48,0
DA:49,0
DA:50,0
DA:51,0
DA:52,0
DA:54,0
DA:55,0
DA:63,0
DA:64,0
DA:65,0
DA:66,0
DA:67,0
DA:69,0
DA:70,0
DA:74,0
DA:75,0
LF:33
LH:4
BRDA:35,0,0,0
BRDA:35,0,1,0
BRDA:37,1,0,0
BRDA:37,1,1,0
BRDA:42,2,0,0
BRDA:42,2,1,0
BRDA:46,3,0,0
BRDA:46,3,1,0
BRDA:47,4,0,0
BRDA:47,4,1,0
BRDA:50,5,0,0
BRDA:50,5,1,0
BRDA:63,6,0,0
BRDA:63,6,1,0
BRDA:65,7,0,0
BRDA:65,7,1,0
BRF:16
BRH:0
end_of_record
TN:
SF:/Users/aureliome/Documents/Projects/newton-adapter/src/initialization/init.js
FN:47,(anonymous_0)
FN:48,(anonymous_1)
FN:63,(anonymous_2)
FNF:3
FNH:3
FNDA:51,(anonymous_0)
FNDA:51,(anonymous_1)
FNDA:47,(anonymous_2)
DA:2,15
DA:3,15
DA:4,15
DA:5,15
DA:47,15
DA:48,51
DA:50,51
DA:51,5
DA:53,51
DA:54,5
DA:58,51
DA:59,1
DA:60,1
DA:63,50
DA:65,47
DA:66,5
DA:67,5
DA:68,5
DA:71,42
DA:72,42
DA:73,42
DA:77,47
DA:78,47
DA:79,47
DA:82,47
DA:83,44
DA:87,50
DA:88,4
DA:89,4
DA:91,46
DA:92,2
DA:94,44
LF:32
LH:32
BRDA:50,0,0,5
BRDA:50,0,1,46
BRDA:53,1,0,5
BRDA:53,1,1,46
BRDA:58,2,0,1
BRDA:58,2,1,50
BRDA:65,3,0,5
BRDA:65,3,1,42
BRDA:67,4,0,5
BRDA:67,4,1,0
BRDA:72,5,0,1
BRDA:72,5,1,41
BRDA:82,6,0,44
BRDA:82,6,1,3
BRDA:87,7,0,4
BRDA:87,7,1,46
BRDA:91,8,0,2
BRDA:91,8,1,44
BRF:18
BRH:17
end_of_record
TN:
SF:/Users/aureliome/Documents/Projects/newton-adapter/src/initialization/isInitialized.js
FN:20,(anonymous_0)
FNF:1
FNH:1
FNDA:2,(anonymous_0)
DA:2,15
DA:20,15
DA:21,2
LF:3
LH:3
BRF:0
BRH:0
end_of_record
TN:
SF:/Users/aureliome/Documents/Projects/newton-adapter/src/login/autoLogin.js
FN:24,(anonymous_0)
FNF:1
FNH:0
FNDA:0,(anonymous_0)
DA:3,15
DA:24,15
DA:26,0
DA:27,0
DA:28,0
DA:29,0
DA:31,0
DA:35,0
LF:8
LH:2
BRDA:26,0,0,0
BRDA:26,0,1,0
BRDA:28,1,0,0
BRDA:28,1,1,0
BRF:4
BRH:0
end_of_record
TN:
SF:/Users/aureliome/Documents/Projects/newton-adapter/src/login/finalizeLoginFlow.js
FN:22,(anonymous_0)
FNF:1
FNH:1
FNDA:2,(anonymous_0)
DA:2,15
DA:22,15
DA:23,2
DA:24,1
DA:25,1
DA:27,1
LF:6
LH:6
BRDA:23,0,0,1
BRDA:23,0,1,1
BRDA:23,1,0,2
BRDA:23,1,1,1
BRF:4
BRH:4
end_of_record
TN:
SF:/Users/aureliome/Documents/Projects/newton-adapter/src/login/isUserLogged.js
FN:20,(anonymous_0)
FNF:1
FNH:1
FNDA:3,(anonymous_0)
DA:2,15
DA:20,15
DA:21,3
DA:22,2
DA:24,1
LF:5
LH:5
BRDA:21,0,0,2
BRDA:21,0,1,1
BRF:2
BRH:2
end_of_record
TN:
SF:/Users/aureliome/Documents/Projects/newton-adapter/src/login/login.js
FN:53,(anonymous_0)
FN:54,(anonymous_1)
FN:55,(anonymous_2)
FN:61,(anonymous_3)
FNF:4
FNH:4
FNDA:13,(anonymous_0)
FNDA:13,(anonymous_1)
FNDA:13,(anonymous_2)
FNDA:12,(anonymous_3)
DA:2,15
DA:3,15
DA:4,15
DA:5,15
DA:53,15
DA:54,13
DA:55,13
DA:57,13
DA:58,1
DA:61,13
DA:62,12
DA:63,0
DA:64,0
DA:66,12
DA:67,12
DA:68,12
DA:72,13
DA:73,3
DA:75,10
DA:78,10
DA:79,2
DA:80,1
DA:81,1
DA:88,0
DA:89,0
DA:92,1
DA:93,1
DA:98,8
DA:99,2
DA:100,2
DA:107,0
DA:108,0
DA:110,6
DA:111,3
DA:112,3
DA:119,0
DA:120,0
DA:122,3
DA:123,1
DA:124,1
DA:131,0
DA:132,0
DA:134,2
DA:135,0
DA:136,0
DA:143,0
DA:144,0
DA:146,2
DA:147,1
DA:148,1
DA:154,0
DA:155,0
DA:157,1
DA:158,1
DA:159,1
DA:166,0
DA:167,0
DA:170,0
DA:171,0
LF:59
LH:39
BRDA:57,0,0,1
BRDA:57,0,1,12
BRDA:62,1,0,0
BRDA:62,1,1,12
BRDA:72,2,0,3
BRDA:72,2,1,10
BRDA:72,3,0,13
BRDA:72,3,1,10
BRDA:75,4,0,9
BRDA:75,4,1,1
BRDA:78,5,0,2
BRDA:78,5,1,8
BRDA:79,6,0,1
BRDA:79,6,1,1
BRDA:80,7,0,1
BRDA:80,7,1,0
BRDA:98,8,0,2
BRDA:98,8,1,6
BRDA:99,9,0,2
BRDA:99,9,1,0
BRDA:110,10,0,3
BRDA:110,10,1,3
BRDA:111,11,0,3
BRDA:111,11,1,0
BRDA:122,12,0,1
BRDA:122,12,1,2
BRDA:123,13,0,1
BRDA:123,13,1,0
BRDA:123,14,0,1
BRDA:123,14,1,1
BRDA:134,15,0,0
BRDA:134,15,1,2
BRDA:135,16,0,0
BRDA:135,16,1,0
BRDA:135,17,0,0
BRDA:135,17,1,0
BRDA:146,18,0,1
BRDA:146,18,1,1
BRDA:147,19,0,1
BRDA:147,19,1,0
BRDA:157,20,0,1
BRDA:157,20,1,0
BRDA:158,21,0,1
BRDA:158,21,1,0
BRDA:158,22,0,1
BRDA:158,22,1,1
BRF:46
BRH:33
end_of_record
TN:
SF:/Users/aureliome/Documents/Projects/newton-adapter/src/login/logout.js
FN:24,(anonymous_0)
FN:25,(anonymous_1)
FN:26,(anonymous_2)
FNF:3
FNH:3
FNDA:2,(anonymous_0)
FNDA:2,(anonymous_1)
FNDA:2,(anonymous_2)
DA:2,15
DA:3,15
DA:4,15
DA:24,15
DA:25,2
DA:26,2
DA:27,2
DA:28,1
DA:29,1
DA:30,1
DA:32,1
DA:33,1
LF:12
LH:12
BRDA:27,0,0,1
BRDA:27,0,1,1
BRF:2
BRH:2
end_of_record
TN:
SF:/Users/aureliome/Documents/Projects/newton-adapter/src/login/setUserStateChangeListener.js
FN:21,(anonymous_0)
FNF:1
FNH:1
FNDA:2,(anonymous_0)
DA:2,15
DA:21,15
DA:22,2
DA:23,1
DA:24,1
DA:26,1
LF:6
LH:6
BRDA:22,0,0,1
BRDA:22,0,1,1
BRDA:22,1,0,2
BRDA:22,1,1,1
BRF:4
BRH:4
end_of_record
TN:
SF:/Users/aureliome/Documents/Projects/newton-adapter/src/tracking/rankContent.js
FN:35,(anonymous_0)
FN:36,(anonymous_1)
FN:37,(anonymous_2)
FNF:3
FNH:3
FNDA:7,(anonymous_0)
FNDA:7,(anonymous_1)
FNDA:7,(anonymous_2)
DA:2,15
DA:3,15
DA:4,15
DA:35,15
DA:36,7
DA:37,7
DA:38,7
DA:39,7
DA:40,2
DA:41,2
DA:43,5
DA:44,5
DA:45,5
DA:46,5
DA:48,0
DA:49,0
LF:16
LH:14
BRDA:38,0,0,3
BRDA:38,0,1,4
BRDA:39,1,0,2
BRDA:39,1,1,5
BRDA:43,2,0,5
BRDA:43,2,1,0
BRDA:43,3,0,5
BRDA:43,3,1,5
BRF:8
BRH:7
end_of_record
TN:
SF:/Users/aureliome/Documents/Projects/newton-adapter/src/tracking/trackEvent.js
FN:43,(anonymous_0)
FN:44,(anonymous_1)
FN:45,(anonymous_2)
FNF:3
FNH:3
FNDA:12,(anonymous_0)
FNDA:12,(anonymous_1)
FNDA:11,(anonymous_2)
DA:2,15
DA:3,15
DA:4,15
DA:5,15
DA:6,15
DA:43,15
DA:44,12
DA:45,12
DA:46,11
DA:47,11
DA:48,11
DA:49,11
DA:51,11
DA:52,4
DA:55,0
DA:56,0
LF:16
LH:14
BRDA:46,0,0,11
BRDA:46,0,1,0
BRDA:51,1,0,4
BRDA:51,1,1,7
BRF:4
BRH:3
end_of_record
TN:
SF:/Users/aureliome/Documents/Projects/newton-adapter/src/tracking/trackPageview.js
FN:33,(anonymous_0)
FNF:1
FNH:1
FNDA:4,(anonymous_0)
DA:2,15
DA:33,15
DA:34,4
DA:35,4
DA:36,4
DA:37,2
DA:39,4
DA:40,3
DA:42,4
LF:9
LH:9
BRDA:34,0,0,4
BRDA:34,0,1,1
BRDA:36,1,0,2
BRDA:36,1,1,2
BRDA:39,2,0,3
BRDA:39,2,1,1
BRF:6
BRH:6
end_of_record
TN:
SF:/Users/aureliome/Documents/Projects/newton-adapter/src/user/confirmEmail.js
FN:31,(anonymous_0)
FN:32,(anonymous_1)
FN:33,(anonymous_2)
FN:34,(anonymous_3)
FNF:4
FNH:0
FNDA:0,(anonymous_0)
FNDA:0,(anonymous_1)
FNDA:0,(anonymous_2)
FNDA:0,(anonymous_3)
DA:3,15
DA:4,15
DA:5,15
DA:31,15
DA:32,0
DA:33,0
DA:34,0
DA:35,0
DA:36,0
DA:37,0
DA:39,0
DA:40,0
LF:12
LH:4
BRDA:35,0,0,0
BRDA:35,0,1,0
BRF:2
BRH:0
end_of_record
TN:
SF:/Users/aureliome/Documents/Projects/newton-adapter/src/user/confirmEmailAndLogin.js
FN:32,(anonymous_0)
FN:33,(anonymous_1)
FN:34,(anonymous_2)
FN:35,(anonymous_3)
FNF:4
FNH:0
FNDA:0,(anonymous_0)
FNDA:0,(anonymous_1)
FNDA:0,(anonymous_2)
FNDA:0,(anonymous_3)
DA:3,15
DA:4,15
DA:5,15
DA:32,15
DA:33,0
DA:34,0
DA:35,0
DA:36,0
DA:37,0
DA:38,0
DA:40,0
DA:41,0
LF:12
LH:4
BRDA:36,0,0,0
BRDA:36,0,1,0
BRF:2
BRH:0
end_of_record
TN:
SF:/Users/aureliome/Documents/Projects/newton-adapter/src/user/getUserToken.js
FN:20,(anonymous_0)
FNF:1
FNH:1
FNDA:2,(anonymous_0)
DA:2,15
DA:20,15
DA:21,2
DA:22,1
DA:24,1
LF:5
LH:5
BRDA:21,0,0,1
BRDA:21,0,1,1
BRF:2
BRH:2
end_of_record
TN:
SF:/Users/aureliome/Documents/Projects/newton-adapter/src/user/recoverPassword.js
FN:32,(anonymous_0)
FN:33,(anonymous_1)
FN:34,(anonymous_2)
FN:37,(anonymous_3)
FN:51,(anonymous_4)
FNF:5
FNH:4
FNDA:1,(anonymous_0)
FNDA:1,(anonymous_1)
FNDA:1,(anonymous_2)
FNDA:1,(anonymous_3)
FNDA:0,(anonymous_4)
DA:3,15
DA:4,15
DA:5,15
DA:32,15
DA:33,1
DA:34,1
DA:35,1
DA:36,1
DA:38,1
DA:39,0
DA:40,0
DA:42,1
DA:43,1
DA:49,0
DA:50,0
DA:52,0
DA:53,0
DA:54,0
DA:56,0
DA:57,0
DA:64,0
DA:65,0
LF:22
LH:11
BRDA:35,0,0,1
BRDA:35,0,1,0
BRDA:38,1,0,0
BRDA:38,1,1,1
BRDA:49,2,0,0
BRDA:49,2,1,0
BRDA:52,3,0,0
BRDA:52,3,1,0
BRF:8
BRH:2
end_of_record
TN:
SF:/Users/aureliome/Documents/Projects/newton-adapter/src/user/resetPassword.js
FN:33,(anonymous_0)
FN:34,(anonymous_1)
FN:35,(anonymous_2)
FN:37,(anonymous_3)
FNF:4
FNH:0
FNDA:0,(anonymous_0)
FNDA:0,(anonymous_1)
FNDA:0,(anonymous_2)
FNDA:0,(anonymous_3)
DA:3,15
DA:4,15
DA:5,15
DA:33,15
DA:34,0
DA:35,0
DA:36,0
DA:37,0
DA:38,0
DA:39,0
DA:40,0
DA:42,0
DA:43,0
DA:47,0
DA:48,0
LF:15
LH:4
BRDA:36,0,0,0
BRDA:36,0,1,0
BRDA:36,1,0,0
BRDA:36,1,1,0
BRDA:38,2,0,0
BRDA:38,2,1,0
BRF:6
BRH:0
end_of_record
TN:
SF:/Users/aureliome/Documents/Projects/newton-adapter/src/user/userDelete.js
FN:27,(anonymous_0)
FN:28,(anonymous_1)
FN:29,(anonymous_2)
FN:30,(anonymous_3)
FN:43,(anonymous_4)
FNF:5
FNH:0
FNDA:0,(anonymous_0)
FNDA:0,(anonymous_1)
FNDA:0,(anonymous_2)
FNDA:0,(anonymous_3)
FNDA:0,(anonymous_4)
DA:3,15
DA:4,15
DA:5,15
DA:27,15
DA:28,0
DA:29,0
DA:30,0
DA:31,0
DA:32,0
DA:33,0
DA:35,0
DA:36,0
DA:37,0
DA:38,0
DA:39,0
DA:40,0
DA:43,0
DA:44,0
DA:45,0
DA:46,0
DA:48,0
DA:49,0
LF:22
LH:4
BRDA:31,0,0,0
BRDA:31,0,1,0
BRDA:36,1,0,0
BRDA:36,1,1,0
BRDA:37,2,0,0
BRDA:37,2,1,0
BRDA:44,3,0,0
BRDA:44,3,1,0
BRF:8
BRH:0
end_of_record
